starting build

**********************************************************************

Test build
build xv6 using make

**********************************************************************
Trying to clean project using make clean
make clean
make: *** No rule to make target `clean'.  Stop.
Trying to build project using make
make
make: *** No targets specified and no makefile found.  Stop.


test build FAILED
 (build xv6 using make)
 file 'bootasm.o' exists after make clean, removing
 file 'bootmain.o' exists after make clean, removing
 file 'bio.o' exists after make clean, removing
 file 'console.o' exists after make clean, removing
 file 'exec.o' exists after make clean, removing
 file 'file.o' exists after make clean, removing
 file 'fs.o' exists after make clean, removing
 file 'ide.o' exists after make clean, removing
 file 'ioapic.o' exists after make clean, removing
 file 'kalloc.o' exists after make clean, removing
 file 'kbd.o' exists after make clean, removing
 file 'lapic.o' exists after make clean, removing
 file 'main.o' exists after make clean, removing
 file 'mp.o' exists after make clean, removing
 file 'picirq.o' exists after make clean, removing
 file 'pipe.o' exists after make clean, removing
 file 'proc.o' exists after make clean, removing
 file 'spinlock.o' exists after make clean, removing
 file 'string.o' exists after make clean, removing
 file 'swtch.o' exists after make clean, removing
 file 'syscall.o' exists after make clean, removing
 file 'sysfile.o' exists after make clean, removing
 file 'sysproc.o' exists after make clean, removing
 file 'timer.o' exists after make clean, removing
 file 'trapasm.o' exists after make clean, removing
 file 'trap.o' exists after make clean, removing
 file 'uart.o' exists after make clean, removing
 file 'vectors.o' exists after make clean, removing
 file 'vm.o' exists after make clean, removing
 file 'multiboot.o' exists after make clean, removing
 file 'data.o' exists after make clean, removing
 file 'bootother.o' exists after make clean, removing
 file 'initcode.o' exists after make clean, removing
 make failed (error 2)
 required file 'xv6.img' does not exist after make
 required file 'fs.img' does not exist after make

starting getpinfo

**********************************************************************

Test getpinfo
call getpinfo() from a user program 
 The corresponding test file is at ~cs537-1/ta/tests/2b/ctests/getpinfo.c

**********************************************************************
Running xv6 user progam /u/c/s/cs537-1/ta/tests/2b/ctests/getpinfo.c
IOError: [Errno 2] No such file or directory: '/tmp/tmpzJv5Qz/p/user/tester.c'


test getpinfo FAILED (0 of 10)
 (call getpinfo() from a user program 
 The corresponding test file is at ~cs537-1/ta/tests/2b/ctests/getpinfo.c)
 Unexpected exception [Errno 2] No such file or directory: '/tmp/tmpzJv5Qz/p/user/tester.c'

starting setpri

**********************************************************************

Test setpri
call setpri() from a user program 
 The corresponding test file is at ~cs537-1/ta/tests/2b/ctests/setpri.c

**********************************************************************
Running xv6 user progam /u/c/s/cs537-1/ta/tests/2b/ctests/setpri.c
IOError: [Errno 2] No such file or directory: '/tmp/tmpzJv5Qz/p/user/tester.c'


test setpri FAILED (0 of 10)
 (call setpri() from a user program 
 The corresponding test file is at ~cs537-1/ta/tests/2b/ctests/setpri.c)
 Unexpected exception [Errno 2] No such file or directory: '/tmp/tmpzJv5Qz/p/user/tester.c'

starting processesinuse

**********************************************************************

Test processesinuse
check number of processes in use by calling getpinfo() 
 The corresponding test file is at ~cs537-1/ta/tests/2b/ctests/processesinuse.c

**********************************************************************
Running xv6 user progam /u/c/s/cs537-1/ta/tests/2b/ctests/processesinuse.c
IOError: [Errno 2] No such file or directory: '/tmp/tmpzJv5Qz/p/user/tester.c'


test processesinuse FAILED (0 of 20)
 (check number of processes in use by calling getpinfo() 
 The corresponding test file is at ~cs537-1/ta/tests/2b/ctests/processesinuse.c)
 Unexpected exception [Errno 2] No such file or directory: '/tmp/tmpzJv5Qz/p/user/tester.c'

starting default_priority

**********************************************************************

Test default_priority
check default priority set for processes by measuring hticks 
 The corresponding test file is at ~cs537-1/ta/tests/2b/ctests/default_priority.c

**********************************************************************
Running xv6 user progam /u/c/s/cs537-1/ta/tests/2b/ctests/default_priority.c
IOError: [Errno 2] No such file or directory: '/tmp/tmpzJv5Qz/p/user/tester.c'


test default_priority FAILED (0 of 20)
 (check default priority set for processes by measuring hticks 
 The corresponding test file is at ~cs537-1/ta/tests/2b/ctests/default_priority.c)
 Unexpected exception [Errno 2] No such file or directory: '/tmp/tmpzJv5Qz/p/user/tester.c'

starting check_hticks

**********************************************************************

Test check_hticks
check if hticks being incremented for high priority process 
 The corresponding test file is at ~cs537-1/ta/tests/2b/ctests/check_hticks.c

**********************************************************************
Running xv6 user progam /u/c/s/cs537-1/ta/tests/2b/ctests/check_hticks.c
IOError: [Errno 2] No such file or directory: '/tmp/tmpzJv5Qz/p/user/tester.c'


test check_hticks FAILED (0 of 20)
 (check if hticks being incremented for high priority process 
 The corresponding test file is at ~cs537-1/ta/tests/2b/ctests/check_hticks.c)
 Unexpected exception [Errno 2] No such file or directory: '/tmp/tmpzJv5Qz/p/user/tester.c'

starting change_priority

**********************************************************************

Test change_priority
check if hticks and lticks being incremented as expected when the priority is changed back and forth 
 The corresponding test file is at ~cs537-1/ta/tests/2b/ctests/change_priority.c

**********************************************************************
Running xv6 user progam /u/c/s/cs537-1/ta/tests/2b/ctests/change_priority.c
IOError: [Errno 2] No such file or directory: '/tmp/tmpzJv5Qz/p/user/tester.c'


test change_priority FAILED (0 of 20)
 (check if hticks and lticks being incremented as expected when the priority is changed back and forth 
 The corresponding test file is at ~cs537-1/ta/tests/2b/ctests/change_priority.c)
 Unexpected exception [Errno 2] No such file or directory: '/tmp/tmpzJv5Qz/p/user/tester.c'

starting run_high_priority

**********************************************************************

Test run_high_priority
check no low priority processes are running when there is high priority 
 The corresponding test file is at ~cs537-1/ta/tests/2b/ctests/run_high_priority.c

**********************************************************************
Running xv6 user progam /u/c/s/cs537-1/ta/tests/2b/ctests/run_high_priority.c
IOError: [Errno 2] No such file or directory: '/tmp/tmpzJv5Qz/p/user/tester.c'


test run_high_priority FAILED (0 of 20)
 (check no low priority processes are running when there is high priority 
 The corresponding test file is at ~cs537-1/ta/tests/2b/ctests/run_high_priority.c)
 Unexpected exception [Errno 2] No such file or directory: '/tmp/tmpzJv5Qz/p/user/tester.c'

starting sleep_high_priority

**********************************************************************

Test sleep_high_priority
check if low priority processes run when high priority is put to sleep 
 The corresponding test file is at ~cs537-1/ta/tests/2b/ctests/sleep_high_priority.c

**********************************************************************
Running xv6 user progam /u/c/s/cs537-1/ta/tests/2b/ctests/sleep_high_priority.c
IOError: [Errno 2] No such file or directory: '/tmp/tmpzJv5Qz/p/user/tester.c'


test sleep_high_priority FAILED (0 of 20)
 (check if low priority processes run when high priority is put to sleep 
 The corresponding test file is at ~cs537-1/ta/tests/2b/ctests/sleep_high_priority.c)
 Unexpected exception [Errno 2] No such file or directory: '/tmp/tmpzJv5Qz/p/user/tester.c'

starting awake_high_priority

**********************************************************************

Test awake_high_priority
check if only high priority process run when high priority is awake from sleep 
 The corresponding test file is at ~cs537-1/ta/tests/2b/ctests/awake_high_priority.c

**********************************************************************
Running xv6 user progam /u/c/s/cs537-1/ta/tests/2b/ctests/awake_high_priority.c
IOError: [Errno 2] No such file or directory: '/tmp/tmpzJv5Qz/p/user/tester.c'


test awake_high_priority FAILED (0 of 20)
 (check if only high priority process run when high priority is awake from sleep 
 The corresponding test file is at ~cs537-1/ta/tests/2b/ctests/awake_high_priority.c)
 Unexpected exception [Errno 2] No such file or directory: '/tmp/tmpzJv5Qz/p/user/tester.c'

starting multiple_high_priority

**********************************************************************

Test multiple_high_priority
check if multiple high priority processes run in round robin 
 The corresponding test file is at ~cs537-1/ta/tests/2b/ctests/multiple_high_priority.c

**********************************************************************
Running xv6 user progam /u/c/s/cs537-1/ta/tests/2b/ctests/multiple_high_priority.c
IOError: [Errno 2] No such file or directory: '/tmp/tmpzJv5Qz/p/user/tester.c'


test multiple_high_priority FAILED (0 of 20)
 (check if multiple high priority processes run in round robin 
 The corresponding test file is at ~cs537-1/ta/tests/2b/ctests/multiple_high_priority.c)
 Unexpected exception [Errno 2] No such file or directory: '/tmp/tmpzJv5Qz/p/user/tester.c'

**********************************************************************
Summary:
test build FAILED
 (build xv6 using make)
 file 'bootasm.o' exists after make clean, removing
 file 'bootmain.o' exists after make clean, removing
 file 'bio.o' exists after make clean, removing
 file 'console.o' exists after make clean, removing
 file 'exec.o' exists after make clean, removing
 file 'file.o' exists after make clean, removing
 file 'fs.o' exists after make clean, removing
 file 'ide.o' exists after make clean, removing
 file 'ioapic.o' exists after make clean, removing
 file 'kalloc.o' exists after make clean, removing
 file 'kbd.o' exists after make clean, removing
 file 'lapic.o' exists after make clean, removing
 file 'main.o' exists after make clean, removing
 file 'mp.o' exists after make clean, removing
 file 'picirq.o' exists after make clean, removing
 file 'pipe.o' exists after make clean, removing
 file 'proc.o' exists after make clean, removing
 file 'spinlock.o' exists after make clean, removing
 file 'string.o' exists after make clean, removing
 file 'swtch.o' exists after make clean, removing
 file 'syscall.o' exists after make clean, removing
 file 'sysfile.o' exists after make clean, removing
 file 'sysproc.o' exists after make clean, removing
 file 'timer.o' exists after make clean, removing
 file 'trapasm.o' exists after make clean, removing
 file 'trap.o' exists after make clean, removing
 file 'uart.o' exists after make clean, removing
 file 'vectors.o' exists after make clean, removing
 file 'vm.o' exists after make clean, removing
 file 'multiboot.o' exists after make clean, removing
 file 'data.o' exists after make clean, removing
 file 'bootother.o' exists after make clean, removing
 file 'initcode.o' exists after make clean, removing
 make failed (error 2)
 required file 'xv6.img' does not exist after make
 required file 'fs.img' does not exist after make

test getpinfo FAILED (0 of 10)
 (call getpinfo() from a user program 
 The corresponding test file is at ~cs537-1/ta/tests/2b/ctests/getpinfo.c)
 Unexpected exception [Errno 2] No such file or directory: '/tmp/tmpzJv5Qz/p/user/tester.c'

test setpri FAILED (0 of 10)
 (call setpri() from a user program 
 The corresponding test file is at ~cs537-1/ta/tests/2b/ctests/setpri.c)
 Unexpected exception [Errno 2] No such file or directory: '/tmp/tmpzJv5Qz/p/user/tester.c'

test processesinuse FAILED (0 of 20)
 (check number of processes in use by calling getpinfo() 
 The corresponding test file is at ~cs537-1/ta/tests/2b/ctests/processesinuse.c)
 Unexpected exception [Errno 2] No such file or directory: '/tmp/tmpzJv5Qz/p/user/tester.c'

test default_priority FAILED (0 of 20)
 (check default priority set for processes by measuring hticks 
 The corresponding test file is at ~cs537-1/ta/tests/2b/ctests/default_priority.c)
 Unexpected exception [Errno 2] No such file or directory: '/tmp/tmpzJv5Qz/p/user/tester.c'

test check_hticks FAILED (0 of 20)
 (check if hticks being incremented for high priority process 
 The corresponding test file is at ~cs537-1/ta/tests/2b/ctests/check_hticks.c)
 Unexpected exception [Errno 2] No such file or directory: '/tmp/tmpzJv5Qz/p/user/tester.c'

test change_priority FAILED (0 of 20)
 (check if hticks and lticks being incremented as expected when the priority is changed back and forth 
 The corresponding test file is at ~cs537-1/ta/tests/2b/ctests/change_priority.c)
 Unexpected exception [Errno 2] No such file or directory: '/tmp/tmpzJv5Qz/p/user/tester.c'

test run_high_priority FAILED (0 of 20)
 (check no low priority processes are running when there is high priority 
 The corresponding test file is at ~cs537-1/ta/tests/2b/ctests/run_high_priority.c)
 Unexpected exception [Errno 2] No such file or directory: '/tmp/tmpzJv5Qz/p/user/tester.c'

test sleep_high_priority FAILED (0 of 20)
 (check if low priority processes run when high priority is put to sleep 
 The corresponding test file is at ~cs537-1/ta/tests/2b/ctests/sleep_high_priority.c)
 Unexpected exception [Errno 2] No such file or directory: '/tmp/tmpzJv5Qz/p/user/tester.c'

test awake_high_priority FAILED (0 of 20)
 (check if only high priority process run when high priority is awake from sleep 
 The corresponding test file is at ~cs537-1/ta/tests/2b/ctests/awake_high_priority.c)
 Unexpected exception [Errno 2] No such file or directory: '/tmp/tmpzJv5Qz/p/user/tester.c'

test multiple_high_priority FAILED (0 of 20)
 (check if multiple high priority processes run in round robin 
 The corresponding test file is at ~cs537-1/ta/tests/2b/ctests/multiple_high_priority.c)
 Unexpected exception [Errno 2] No such file or directory: '/tmp/tmpzJv5Qz/p/user/tester.c'

Passed 0 of 11 tests.
Overall 0 of 11
Points 0 of 180
