starting build

**********************************************************************

Test build
build project using make

**********************************************************************
Trying to clean project using make clean
make clean
make: *** No rule to make target `clean'.  Stop.
Trying to build project using make
make
make: *** No targets specified and no makefile found.  Stop.
Trying to build using gcc
gcc -O -Wall -o fastsort fastsort.c -I/afs/cs.wisc.edu/p/course/cs537-remzi/ta/tests/1a


test build PASSED
 (build project using make)

starting empty

**********************************************************************

Test empty
empty input file

**********************************************************************
Running fastsort
/tmp/tmpVUD_h3/p/fastsort /afs/cs.wisc.edu/p/course/cs537-remzi/ta/tests/1a/input/empty
Checking output


test empty PASSED (10 of 10)
 (empty input file)

starting one

**********************************************************************

Test one
a single record

**********************************************************************
Running fastsort
/tmp/tmpVUD_h3/p/fastsort /afs/cs.wisc.edu/p/course/cs537-remzi/ta/tests/1a/input/one
Failure: /tmp/tmpVUD_h3/p/fastsort gave incorrect standard error.
Expected: ""
Got:      "this line is first\n"


test one FAILED (0 of 10)
 (a single record)
 /tmp/tmpVUD_h3/p/fastsort gave incorrect standard error.

starting five1

**********************************************************************

Test five1
five records

**********************************************************************
Running fastsort
/tmp/tmpVUD_h3/p/fastsort /afs/cs.wisc.edu/p/course/cs537-remzi/ta/tests/1a/input/five1
Failure: /tmp/tmpVUD_h3/p/fastsort gave incorrect standard error.
Expected: ""
Got:      "and then this one\nbet there is also this line\nbut this line is second\nfinally there is this line\nthis line is first\n"


test five1 FAILED (0 of 10)
 (five records)
 /tmp/tmpVUD_h3/p/fastsort gave incorrect standard error.

starting five2

**********************************************************************

Test five2
five records

**********************************************************************
Running fastsort
/tmp/tmpVUD_h3/p/fastsort -2 /afs/cs.wisc.edu/p/course/cs537-remzi/ta/tests/1a/input/five2
Failure: /tmp/tmpVUD_h3/p/fastsort returned incorrect status code. Expected 0 got 1


test five2 FAILED (0 of 10)
 (five records)
 /tmp/tmpVUD_h3/p/fastsort returned incorrect status code. Expected 0 got 1

starting misskeys

**********************************************************************

Test misskeys
missing keys in some lines

**********************************************************************
Running fastsort
/tmp/tmpVUD_h3/p/fastsort -5 /afs/cs.wisc.edu/p/course/cs537-remzi/ta/tests/1a/input/missing_keys
Failure: /tmp/tmpVUD_h3/p/fastsort returned incorrect status code. Expected 0 got 1


test misskeys FAILED (0 of 10)
 (missing keys in some lines)
 /tmp/tmpVUD_h3/p/fastsort returned incorrect status code. Expected 0 got 1

starting arg

**********************************************************************

Test arg
Bad arguments

**********************************************************************
/tmp/tmpVUD_h3/p/fastsort


test arg PASSED (10 of 10)
 (Bad arguments)

starting arg2

**********************************************************************

Test arg2
Bad arguments

**********************************************************************
/tmp/tmpVUD_h3/p/fastsort a b c d


test arg2 PASSED (10 of 10)
 (Bad arguments)

starting arg3

**********************************************************************

Test arg3
Invalid key value

**********************************************************************
/tmp/tmpVUD_h3/p/fastsort -i input/empty


test arg3 PASSED (10 of 10)
 (Invalid key value)

starting badin

**********************************************************************

Test badin
Bad input file

**********************************************************************
/tmp/tmpVUD_h3/p/fastsort /invalid/path/UsOPJa


test badin PASSED (10 of 10)
 (Bad input file)

starting toolong

**********************************************************************

Test toolong
some line has more than 128 characters

**********************************************************************
/tmp/tmpVUD_h3/p/fastsort /afs/cs.wisc.edu/p/course/cs537-remzi/ta/tests/1a/input/toolong
Failure: fastsort returned incorrect status code. Expected 1 got 0


test toolong FAILED (0 of 10)
 (some line has more than 128 characters)
 fastsort returned incorrect status code. Expected 1 got 0

**********************************************************************
Summary:
test build PASSED
 (build project using make)

test empty PASSED (10 of 10)
 (empty input file)

test one FAILED (0 of 10)
 (a single record)
 /tmp/tmpVUD_h3/p/fastsort gave incorrect standard error.

test five1 FAILED (0 of 10)
 (five records)
 /tmp/tmpVUD_h3/p/fastsort gave incorrect standard error.

test five2 FAILED (0 of 10)
 (five records)
 /tmp/tmpVUD_h3/p/fastsort returned incorrect status code. Expected 0 got 1

test misskeys FAILED (0 of 10)
 (missing keys in some lines)
 /tmp/tmpVUD_h3/p/fastsort returned incorrect status code. Expected 0 got 1

test arg PASSED (10 of 10)
 (Bad arguments)

test arg2 PASSED (10 of 10)
 (Bad arguments)

test arg3 PASSED (10 of 10)
 (Invalid key value)

test badin PASSED (10 of 10)
 (Bad input file)

test toolong FAILED (0 of 10)
 (some line has more than 128 characters)
 fastsort returned incorrect status code. Expected 1 got 0

Passed 6 of 11 tests.
Overall 6 of 11
Points 50 of 100
