/afs/cs.wisc.edu/p/course/cs537-remzi/ta/tools
starting build

**********************************************************************

Test build
build project using make

**********************************************************************
Trying to clean project using make clean
make clean
make: *** No rule to make target `clean'.  Stop.
Trying to build project using make
make
make: *** No targets specified and no makefile found.  Stop.
Trying to build using gcc
gcc -O -Wall -o fastsort fastsort.c -I/afs/cs.wisc.edu/p/course/cs537-remzi/ta/tests/1a-contest


test build PASSED
 (build project using make)

starting contest

**********************************************************************

Test contest
contest

**********************************************************************
Generating input file
/u/c/s/cs537-1/ta/tests/1a-contest/gen1 -s 0 -n 100000 -o /tmp/tmpANeTUW/p/infile
Running fastsort
/tmp/tmpANeTUW/p/fastsort -1000 /tmp/tmpANeTUW/p/infile
Failure: fastsort returned incorrect status code. Expected 0 got 1


test contest FAILED
 (contest)
 fastsort returned incorrect status code. Expected 0 got 1

**********************************************************************
Summary:
test build PASSED
 (build project using make)

test contest FAILED
 (contest)
 fastsort returned incorrect status code. Expected 0 got 1

Passed 1 of 2 tests.
Overall 1 of 2
