starting build

**********************************************************************

Test build
build xv6 using make

**********************************************************************
Trying to build project using make
make
make: Nothing to be done for `all'.


test build PASSED
 (build xv6 using make)

starting null

**********************************************************************

Test null
null pointer dereference should kill process

**********************************************************************
Running xv6 user progam /u/c/s/cs537-1/ta/tests/3b/ctests/null.c
Trying to build project using make
make
gcc  -I include -nostdinc -Wall -Werror -ggdb -fno-pic -fno-builtin -fno-strict-aliasing -fno-stack-protector -m32 \
		-M -MG user/tester.c -MF user/tester.d -MT user/tester.d -MT user/tester.o
gcc  -I include -nostdinc -Wall -Werror -ggdb -fno-pic -fno-builtin -fno-strict-aliasing -fno-stack-protector -m32 -c -o user/tester.o user/tester.c
ld  -m    elf_i386 -nostdlib --omagic --entry=main --section-start=.text=0x0 --output=user/bin/tester user/tester.o user/ulib.o user/usys.o user/printf.o user/umalloc.o
cp user/bin/tester fs/tester
./tools/mkfs fs.img fs
used 29 (bit 1 ninode 26) free 29 total 1024
ln
echo
kill
forktest
init
hello
usertests
zombie
grep
ls
cat
stressfs
README
tester
sh
getprocs
rm
mkdir
wc
balloc: first 464 blocks have been allocated
balloc: write bitmap block at sector 28
rm user/bin/tester
make qemu-nox 
Ctrl+a h for help
/u/c/s/cs537-2/ta/tools/qemu -nographic -hdb fs.img xv6.img -smp 2
Could not open option rom 'sgabios.bin': No such file or directory
xv6...
lapicinit: 1 0xfee00000
cpu1: starting
cpu0: starting
init: starting sh
$ tester
tester
null dereference: 0 83E58955
TEST FAILED


test null FAILED (0 of 10)
 (null pointer dereference should kill process)
 tester failed

Skipped 21 tests.
To keep testing after failing a test, use flag '-c' or '--continue'
