starting build

**********************************************************************

Test build
build xv6 using make

**********************************************************************
Trying to build project using make
make
make: *** No targets specified and no makefile found.  Stop.


test build FAILED
 (build xv6 using make)
 make failed (error 2)
 required file 'xv6.img' does not exist after make
 required file 'fs.img' does not exist after make

starting null

**********************************************************************

Test null
null pointer dereference should kill process

**********************************************************************
Running xv6 user progam /u/c/s/cs537-1/ta/tests/3b/ctests/null.c
IOError: [Errno 2] No such file or directory: '/tmp/tmpw1emIr/p/user/tester.c'


test null FAILED (0 of 10)
 (null pointer dereference should kill process)
 Unexpected exception [Errno 2] No such file or directory: '/tmp/tmpw1emIr/p/user/tester.c'

starting null2

**********************************************************************

Test null2
any dereference from first page should fault

**********************************************************************
Running xv6 user progam /u/c/s/cs537-1/ta/tests/3b/ctests/null2.c
IOError: [Errno 2] No such file or directory: '/tmp/tmpw1emIr/p/user/tester.c'


test null2 FAILED (0 of 10)
 (any dereference from first page should fault)
 Unexpected exception [Errno 2] No such file or directory: '/tmp/tmpw1emIr/p/user/tester.c'

starting bounds

**********************************************************************

Test bounds
syscall argument checks (null page). ***NOTE*** only write system call is tested here; when grading, we may change the test to any other system call that may take a NULL pointer.

**********************************************************************
Running xv6 user progam /u/c/s/cs537-1/ta/tests/3b/ctests/bounds.c
IOError: [Errno 2] No such file or directory: '/tmp/tmpw1emIr/p/user/tester.c'


test bounds FAILED (0 of 10)
 (syscall argument checks (null page). ***NOTE*** only write system call is tested here; when grading, we may change the test to any other system call that may take a NULL pointer.)
 Unexpected exception [Errno 2] No such file or directory: '/tmp/tmpw1emIr/p/user/tester.c'

starting shmem_access_invalid_input

**********************************************************************

Test shmem_access_invalid_input
shmem_access invalid input test

**********************************************************************
Running xv6 user progam /u/c/s/cs537-1/ta/tests/3b/ctests/shmem_access_invalid_input.c
IOError: [Errno 2] No such file or directory: '/tmp/tmpw1emIr/p/user/tester.c'


test shmem_access_invalid_input FAILED (0 of 10)
 (shmem_access invalid input test)
 Unexpected exception [Errno 2] No such file or directory: '/tmp/tmpw1emIr/p/user/tester.c'

starting shmem_access_return_value

**********************************************************************

Test shmem_access_return_value
shmem_access return value needs to be one of 4 pages of virtual address space; first access needs to return last virtual page, second access needs to return second to last virtual page, etc.

**********************************************************************
Running xv6 user progam /u/c/s/cs537-1/ta/tests/3b/ctests/shmem_access_return_value.c
IOError: [Errno 2] No such file or directory: '/tmp/tmpw1emIr/p/user/tester.c'


test shmem_access_return_value FAILED (0 of 10)
 (shmem_access return value needs to be one of 4 pages of virtual address space; first access needs to return last virtual page, second access needs to return second to last virtual page, etc.)
 Unexpected exception [Errno 2] No such file or directory: '/tmp/tmpw1emIr/p/user/tester.c'

starting shmem_access_double_call

**********************************************************************

Test shmem_access_double_call
shmem_access called twice with same page number, making sure same physical page is not mapped into 2 different places in virtual address space

**********************************************************************
Running xv6 user progam /u/c/s/cs537-1/ta/tests/3b/ctests/shmem_access_double_call.c
IOError: [Errno 2] No such file or directory: '/tmp/tmpw1emIr/p/user/tester.c'


test shmem_access_double_call FAILED (0 of 10)
 (shmem_access called twice with same page number, making sure same physical page is not mapped into 2 different places in virtual address space)
 Unexpected exception [Errno 2] No such file or directory: '/tmp/tmpw1emIr/p/user/tester.c'

starting shmem_access_double_call_fork

**********************************************************************

Test shmem_access_double_call_fork
shmem_access called once in parent process. It is then called again after fork in child process. The address received should be the same address the parent process received.

**********************************************************************
Running xv6 user progam /u/c/s/cs537-1/ta/tests/3b/ctests/shmem_access_double_call_fork.c
IOError: [Errno 2] No such file or directory: '/tmp/tmpw1emIr/p/user/tester.c'


test shmem_access_double_call_fork FAILED (0 of 10)
 (shmem_access called once in parent process. It is then called again after fork in child process. The address received should be the same address the parent process received.)
 Unexpected exception [Errno 2] No such file or directory: '/tmp/tmpw1emIr/p/user/tester.c'

starting shmem_access_read_write

**********************************************************************

Test shmem_access_read_write
making sure shared pages are readable and writable

**********************************************************************
Running xv6 user progam /u/c/s/cs537-1/ta/tests/3b/ctests/shmem_access_read_write.c
IOError: [Errno 2] No such file or directory: '/tmp/tmpw1emIr/p/user/tester.c'


test shmem_access_read_write FAILED (0 of 10)
 (making sure shared pages are readable and writable)
 Unexpected exception [Errno 2] No such file or directory: '/tmp/tmpw1emIr/p/user/tester.c'

starting shmem_access_communication

**********************************************************************

Test shmem_access_communication
one process writing something and the other process reading it.

**********************************************************************
Running xv6 user progam /u/c/s/cs537-1/ta/tests/3b/ctests/shmem_access_communication.c
IOError: [Errno 2] No such file or directory: '/tmp/tmpw1emIr/p/user/tester.c'


test shmem_access_communication FAILED (0 of 10)
 (one process writing something and the other process reading it.)
 Unexpected exception [Errno 2] No such file or directory: '/tmp/tmpw1emIr/p/user/tester.c'

starting shmem_access_full_address_space

**********************************************************************

Test shmem_access_full_address_space
shmem_access should failed if the entire address space is full.

**********************************************************************
Running xv6 user progam /u/c/s/cs537-1/ta/tests/3b/ctests/shmem_access_full_address_space.c
IOError: [Errno 2] No such file or directory: '/tmp/tmpw1emIr/p/user/tester.c'


test shmem_access_full_address_space FAILED (0 of 10)
 (shmem_access should failed if the entire address space is full.)
 Unexpected exception [Errno 2] No such file or directory: '/tmp/tmpw1emIr/p/user/tester.c'

starting shmem_access_full_address_space2

**********************************************************************

Test shmem_access_full_address_space2
sbrk should not allocate and go past a shared memory.

**********************************************************************
Running xv6 user progam /u/c/s/cs537-1/ta/tests/3b/ctests/shmem_access_full_address_space2.c
IOError: [Errno 2] No such file or directory: '/tmp/tmpw1emIr/p/user/tester.c'


test shmem_access_full_address_space2 FAILED (0 of 10)
 (sbrk should not allocate and go past a shared memory.)
 Unexpected exception [Errno 2] No such file or directory: '/tmp/tmpw1emIr/p/user/tester.c'

starting shmem_access_persistent

**********************************************************************

Test shmem_access_persistent
making sure shared pages are not deallocated when no one references them.

**********************************************************************
Running xv6 user progam /u/c/s/cs537-1/ta/tests/3b/ctests/shmem_access_persistent.c
IOError: [Errno 2] No such file or directory: '/tmp/tmpw1emIr/p/user/tester.c'


test shmem_access_persistent FAILED (0 of 10)
 (making sure shared pages are not deallocated when no one references them.)
 Unexpected exception [Errno 2] No such file or directory: '/tmp/tmpw1emIr/p/user/tester.c'

starting shmem_access_exec

**********************************************************************

Test shmem_access_exec
a new exec-ed program should not have access to shared pages when it begins.

**********************************************************************
Running xv6 user progam /u/c/s/cs537-1/ta/tests/3b/ctests/shmem_access_exec.c
IOError: [Errno 2] No such file or directory: '/tmp/tmpw1emIr/p/user/tester.c'


test shmem_access_exec FAILED (0 of 10)
 (a new exec-ed program should not have access to shared pages when it begins.)
 Unexpected exception [Errno 2] No such file or directory: '/tmp/tmpw1emIr/p/user/tester.c'

starting shmem_access_exec2

**********************************************************************

Test shmem_access_exec2
a new exec-ed program should reallocate virtual pages if shmem_access is called.

**********************************************************************
Running xv6 user progam /u/c/s/cs537-1/ta/tests/3b/ctests/shmem_access_exec2.c
IOError: [Errno 2] No such file or directory: '/tmp/tmpw1emIr/p/user/tester.c'


test shmem_access_exec2 FAILED (0 of 10)
 (a new exec-ed program should reallocate virtual pages if shmem_access is called.)
 Unexpected exception [Errno 2] No such file or directory: '/tmp/tmpw1emIr/p/user/tester.c'

starting shmem_access_syscall_args

**********************************************************************

Test shmem_access_syscall_args
making sure pointers from shared pages can be successfully passed to system calls. ***NOTE*** only open and write system calls are tested here; when grading, we may change the test to any other system call that may take pointers.

**********************************************************************
Running xv6 user progam /u/c/s/cs537-1/ta/tests/3b/ctests/shmem_access_syscall_args.c
IOError: [Errno 2] No such file or directory: '/tmp/tmpw1emIr/p/user/tester.c'


test shmem_access_syscall_args FAILED (0 of 10)
 (making sure pointers from shared pages can be successfully passed to system calls. ***NOTE*** only open and write system calls are tested here; when grading, we may change the test to any other system call that may take pointers.)
 Unexpected exception [Errno 2] No such file or directory: '/tmp/tmpw1emIr/p/user/tester.c'

starting shmem_count_invalid_input

**********************************************************************

Test shmem_count_invalid_input
shmem_count invalid input test

**********************************************************************
Running xv6 user progam /u/c/s/cs537-1/ta/tests/3b/ctests/shmem_count_invalid_input.c
IOError: [Errno 2] No such file or directory: '/tmp/tmpw1emIr/p/user/tester.c'


test shmem_count_invalid_input FAILED (0 of 10)
 (shmem_count invalid input test)
 Unexpected exception [Errno 2] No such file or directory: '/tmp/tmpw1emIr/p/user/tester.c'

starting shmem_count_zero

**********************************************************************

Test shmem_count_zero
shmem_count should return 0 if no one is referencing the page.

**********************************************************************
Running xv6 user progam /u/c/s/cs537-1/ta/tests/3b/ctests/shmem_count_zero.c
IOError: [Errno 2] No such file or directory: '/tmp/tmpw1emIr/p/user/tester.c'


test shmem_count_zero FAILED (0 of 10)
 (shmem_count should return 0 if no one is referencing the page.)
 Unexpected exception [Errno 2] No such file or directory: '/tmp/tmpw1emIr/p/user/tester.c'

starting shmem_count_zero2

**********************************************************************

Test shmem_count_zero2
shmem_count should return 0 after child process accesses and exits.

**********************************************************************
Running xv6 user progam /u/c/s/cs537-1/ta/tests/3b/ctests/shmem_count_zero2.c
IOError: [Errno 2] No such file or directory: '/tmp/tmpw1emIr/p/user/tester.c'


test shmem_count_zero2 FAILED (0 of 10)
 (shmem_count should return 0 after child process accesses and exits.)
 Unexpected exception [Errno 2] No such file or directory: '/tmp/tmpw1emIr/p/user/tester.c'

starting shmem_count_one

**********************************************************************

Test shmem_count_one
shmem_count should return 1 after 1 access.

**********************************************************************
Running xv6 user progam /u/c/s/cs537-1/ta/tests/3b/ctests/shmem_count_one.c
IOError: [Errno 2] No such file or directory: '/tmp/tmpw1emIr/p/user/tester.c'


test shmem_count_one FAILED (0 of 10)
 (shmem_count should return 1 after 1 access.)
 Unexpected exception [Errno 2] No such file or directory: '/tmp/tmpw1emIr/p/user/tester.c'

starting shmem_count_one2

**********************************************************************

Test shmem_count_one2
shmem_count should return 1 after 2 accesses to the same page.

**********************************************************************
Running xv6 user progam /u/c/s/cs537-1/ta/tests/3b/ctests/shmem_count_one2.c
IOError: [Errno 2] No such file or directory: '/tmp/tmpw1emIr/p/user/tester.c'


test shmem_count_one2 FAILED (0 of 10)
 (shmem_count should return 1 after 2 accesses to the same page.)
 Unexpected exception [Errno 2] No such file or directory: '/tmp/tmpw1emIr/p/user/tester.c'

starting shmem_count_fork

**********************************************************************

Test shmem_count_fork
shmem_count should return 2 after fork if the parent process has accessed a shared page.

**********************************************************************
Running xv6 user progam /u/c/s/cs537-1/ta/tests/3b/ctests/shmem_count_fork.c
IOError: [Errno 2] No such file or directory: '/tmp/tmpw1emIr/p/user/tester.c'


test shmem_count_fork FAILED (0 of 10)
 (shmem_count should return 2 after fork if the parent process has accessed a shared page.)
 Unexpected exception [Errno 2] No such file or directory: '/tmp/tmpw1emIr/p/user/tester.c'

starting shmem_count_exec

**********************************************************************

Test shmem_count_exec
Exec should decrement count for shared pages. Parent accesses a shared page, then it forks. Child performs exec to start a new program. In the new program, the count for the shared page should be 1.

**********************************************************************
Running xv6 user progam /u/c/s/cs537-1/ta/tests/3b/ctests/shmem_count_exec.c
IOError: [Errno 2] No such file or directory: '/tmp/tmpw1emIr/p/user/tester.c'


test shmem_count_exec FAILED (0 of 10)
 (Exec should decrement count for shared pages. Parent accesses a shared page, then it forks. Child performs exec to start a new program. In the new program, the count for the shared page should be 1.)
 Unexpected exception [Errno 2] No such file or directory: '/tmp/tmpw1emIr/p/user/tester.c'

**********************************************************************
Summary:
test build FAILED
 (build xv6 using make)
 make failed (error 2)
 required file 'xv6.img' does not exist after make
 required file 'fs.img' does not exist after make

test null FAILED (0 of 10)
 (null pointer dereference should kill process)
 Unexpected exception [Errno 2] No such file or directory: '/tmp/tmpw1emIr/p/user/tester.c'

test null2 FAILED (0 of 10)
 (any dereference from first page should fault)
 Unexpected exception [Errno 2] No such file or directory: '/tmp/tmpw1emIr/p/user/tester.c'

test bounds FAILED (0 of 10)
 (syscall argument checks (null page). ***NOTE*** only write system call is tested here; when grading, we may change the test to any other system call that may take a NULL pointer.)
 Unexpected exception [Errno 2] No such file or directory: '/tmp/tmpw1emIr/p/user/tester.c'

test shmem_access_invalid_input FAILED (0 of 10)
 (shmem_access invalid input test)
 Unexpected exception [Errno 2] No such file or directory: '/tmp/tmpw1emIr/p/user/tester.c'

test shmem_access_return_value FAILED (0 of 10)
 (shmem_access return value needs to be one of 4 pages of virtual address space; first access needs to return last virtual page, second access needs to return second to last virtual page, etc.)
 Unexpected exception [Errno 2] No such file or directory: '/tmp/tmpw1emIr/p/user/tester.c'

test shmem_access_double_call FAILED (0 of 10)
 (shmem_access called twice with same page number, making sure same physical page is not mapped into 2 different places in virtual address space)
 Unexpected exception [Errno 2] No such file or directory: '/tmp/tmpw1emIr/p/user/tester.c'

test shmem_access_double_call_fork FAILED (0 of 10)
 (shmem_access called once in parent process. It is then called again after fork in child process. The address received should be the same address the parent process received.)
 Unexpected exception [Errno 2] No such file or directory: '/tmp/tmpw1emIr/p/user/tester.c'

test shmem_access_read_write FAILED (0 of 10)
 (making sure shared pages are readable and writable)
 Unexpected exception [Errno 2] No such file or directory: '/tmp/tmpw1emIr/p/user/tester.c'

test shmem_access_communication FAILED (0 of 10)
 (one process writing something and the other process reading it.)
 Unexpected exception [Errno 2] No such file or directory: '/tmp/tmpw1emIr/p/user/tester.c'

test shmem_access_full_address_space FAILED (0 of 10)
 (shmem_access should failed if the entire address space is full.)
 Unexpected exception [Errno 2] No such file or directory: '/tmp/tmpw1emIr/p/user/tester.c'

test shmem_access_full_address_space2 FAILED (0 of 10)
 (sbrk should not allocate and go past a shared memory.)
 Unexpected exception [Errno 2] No such file or directory: '/tmp/tmpw1emIr/p/user/tester.c'

test shmem_access_persistent FAILED (0 of 10)
 (making sure shared pages are not deallocated when no one references them.)
 Unexpected exception [Errno 2] No such file or directory: '/tmp/tmpw1emIr/p/user/tester.c'

test shmem_access_exec FAILED (0 of 10)
 (a new exec-ed program should not have access to shared pages when it begins.)
 Unexpected exception [Errno 2] No such file or directory: '/tmp/tmpw1emIr/p/user/tester.c'

test shmem_access_exec2 FAILED (0 of 10)
 (a new exec-ed program should reallocate virtual pages if shmem_access is called.)
 Unexpected exception [Errno 2] No such file or directory: '/tmp/tmpw1emIr/p/user/tester.c'

test shmem_access_syscall_args FAILED (0 of 10)
 (making sure pointers from shared pages can be successfully passed to system calls. ***NOTE*** only open and write system calls are tested here; when grading, we may change the test to any other system call that may take pointers.)
 Unexpected exception [Errno 2] No such file or directory: '/tmp/tmpw1emIr/p/user/tester.c'

test shmem_count_invalid_input FAILED (0 of 10)
 (shmem_count invalid input test)
 Unexpected exception [Errno 2] No such file or directory: '/tmp/tmpw1emIr/p/user/tester.c'

test shmem_count_zero FAILED (0 of 10)
 (shmem_count should return 0 if no one is referencing the page.)
 Unexpected exception [Errno 2] No such file or directory: '/tmp/tmpw1emIr/p/user/tester.c'

test shmem_count_zero2 FAILED (0 of 10)
 (shmem_count should return 0 after child process accesses and exits.)
 Unexpected exception [Errno 2] No such file or directory: '/tmp/tmpw1emIr/p/user/tester.c'

test shmem_count_one FAILED (0 of 10)
 (shmem_count should return 1 after 1 access.)
 Unexpected exception [Errno 2] No such file or directory: '/tmp/tmpw1emIr/p/user/tester.c'

test shmem_count_one2 FAILED (0 of 10)
 (shmem_count should return 1 after 2 accesses to the same page.)
 Unexpected exception [Errno 2] No such file or directory: '/tmp/tmpw1emIr/p/user/tester.c'

test shmem_count_fork FAILED (0 of 10)
 (shmem_count should return 2 after fork if the parent process has accessed a shared page.)
 Unexpected exception [Errno 2] No such file or directory: '/tmp/tmpw1emIr/p/user/tester.c'

test shmem_count_exec FAILED (0 of 10)
 (Exec should decrement count for shared pages. Parent accesses a shared page, then it forks. Child performs exec to start a new program. In the new program, the count for the shared page should be 1.)
 Unexpected exception [Errno 2] No such file or directory: '/tmp/tmpw1emIr/p/user/tester.c'

Passed 0 of 23 tests.
Overall 0 of 23
Points 0 of 220
