starting build

**********************************************************************

Test build
build xv6 using make

**********************************************************************
Trying to build project using make
make
make: Nothing to be done for `all'.


test build PASSED
 (build xv6 using make)

starting null

**********************************************************************

Test null
null pointer dereference should kill process

**********************************************************************
Running xv6 user progam /u/c/s/cs537-1/ta/tests/3b/ctests/null.c
Trying to build project using make
make
gcc  -I include -nostdinc -Wall -Werror -ggdb -fno-pic -fno-builtin -fno-strict-aliasing -fno-stack-protector -m32 \
		-M -MG user/tester.c -MF user/tester.d -MT user/tester.d -MT user/tester.o
gcc  -I include -nostdinc -Wall -Werror -ggdb -fno-pic -fno-builtin -fno-strict-aliasing -fno-stack-protector -m32 -c -o user/tester.o user/tester.c
ld  -m    elf_i386 -nostdlib --omagic --entry=main --section-start=.text=0x1000  --output=user/bin/tester user/tester.o user/ulib.o user/usys.o user/printf.o user/umalloc.o
cp user/bin/tester fs/tester
./tools/mkfs fs.img fs
used 29 (bit 1 ninode 26) free 29 total 1024
ln
echo
kill
forktest
init
usertests
zombie
grep
ls
cat
stressfs
null
README
tester
sh
rm
mkdir
wc
balloc: first 445 blocks have been allocated
balloc: write bitmap block at sector 28
rm user/bin/tester
make qemu-nox 
Ctrl+a h for help
/u/c/s/cs537-2/ta/tools/qemu -nographic -hdb fs.img xv6.img -smp 2
Could not open option rom 'sgabios.bin': No such file or directory
xv6...
lapicinit: 1 0xfee00000
cpu1: starting
cpu0: starting
shmeminit
init: starting sh
$ tester
tester
null dereference: pid 4 tester: trap 14 err 4 on cpu 1 eip 0x1062 addr 0x0--kill proc
TEST PASSED
$ 

test null PASSED (10 of 10)
 (null pointer dereference should kill process)

starting null2

**********************************************************************

Test null2
any dereference from first page should fault

**********************************************************************
Running xv6 user progam /u/c/s/cs537-1/ta/tests/3b/ctests/null2.c
Trying to build project using make
make
gcc  -I include -nostdinc -Wall -Werror -ggdb -fno-pic -fno-builtin -fno-strict-aliasing -fno-stack-protector -m32 \
		-M -MG user/tester.c -MF user/tester.d -MT user/tester.d -MT user/tester.o
gcc  -I include -nostdinc -Wall -Werror -ggdb -fno-pic -fno-builtin -fno-strict-aliasing -fno-stack-protector -m32 -c -o user/tester.o user/tester.c
ld  -m    elf_i386 -nostdlib --omagic --entry=main --section-start=.text=0x1000  --output=user/bin/tester user/tester.o user/ulib.o user/usys.o user/printf.o user/umalloc.o
cp user/bin/tester fs/tester
./tools/mkfs fs.img fs
used 29 (bit 1 ninode 26) free 29 total 1024
ln
echo
kill
forktest
init
usertests
zombie
grep
ls
cat
stressfs
null
README
tester
sh
rm
mkdir
wc
balloc: first 445 blocks have been allocated
balloc: write bitmap block at sector 28
rm user/bin/tester
make qemu-nox 
Ctrl+a h for help
/u/c/s/cs537-2/ta/tools/qemu -nographic -hdb fs.img xv6.img -smp 2
Could not open option rom 'sgabios.bin': No such file or directory
xv6...
lapicinit: 1 0xfee00000
cpu1: starting
cpu0: starting
shmeminit
init: starting sh
$ tester
tester
bad dereference (0x0fff): pid 4 tester: trap 14 err 4 on cpu 1 eip 0x1062 addr 0xfff--kill proc
TEST PASSED


test null2 PASSED (10 of 10)
 (any dereference from first page should fault)

starting bounds

**********************************************************************

Test bounds
syscall argument checks (null page). ***NOTE*** only write system call is tested here; when grading, we may change the test to any other system call that may take a NULL pointer.

**********************************************************************
Running xv6 user progam /u/c/s/cs537-1/ta/tests/3b/ctests/bounds.c
Trying to build project using make
make
gcc  -I include -nostdinc -Wall -Werror -ggdb -fno-pic -fno-builtin -fno-strict-aliasing -fno-stack-protector -m32 \
		-M -MG user/tester.c -MF user/tester.d -MT user/tester.d -MT user/tester.o
gcc  -I include -nostdinc -Wall -Werror -ggdb -fno-pic -fno-builtin -fno-strict-aliasing -fno-stack-protector -m32 -c -o user/tester.o user/tester.c
ld  -m    elf_i386 -nostdlib --omagic --entry=main --section-start=.text=0x1000  --output=user/bin/tester user/tester.o user/ulib.o user/usys.o user/printf.o user/umalloc.o
cp user/bin/tester fs/tester
./tools/mkfs fs.img fs
used 29 (bit 1 ninode 26) free 29 total 1024
ln
echo
kill
forktest
init
usertests
zombie
grep
ls
cat
stressfs
null
README
tester
sh
rm
mkdir
wc
balloc: first 445 blocks have been allocated
balloc: write bitmap block at sector 28
rm user/bin/tester
make qemu-nox 
Ctrl+a h for help
/u/c/s/cs537-2/ta/tools/qemu -nographic -hdb fs.img xv6.img -smp 2
Could not open option rom 'sgabios.bin': No such file or directory
xv6...
lapicinit: 1 0xfee00000
cpu1: starting
cpu0: starting
shmeminit
init: starting sh
$ tester
tester
TEST PASSED
$ 

test bounds PASSED (10 of 10)
 (syscall argument checks (null page). ***NOTE*** only write system call is tested here; when grading, we may change the test to any other system call that may take a NULL pointer.)

starting shmem_access_invalid_input

**********************************************************************

Test shmem_access_invalid_input
shmem_access invalid input test

**********************************************************************
Running xv6 user progam /u/c/s/cs537-1/ta/tests/3b/ctests/shmem_access_invalid_input.c
Trying to build project using make
make
gcc  -I include -nostdinc -Wall -Werror -ggdb -fno-pic -fno-builtin -fno-strict-aliasing -fno-stack-protector -m32 \
		-M -MG user/tester.c -MF user/tester.d -MT user/tester.d -MT user/tester.o
gcc  -I include -nostdinc -Wall -Werror -ggdb -fno-pic -fno-builtin -fno-strict-aliasing -fno-stack-protector -m32 -c -o user/tester.o user/tester.c
cc1: warnings being treated as errors
user/tester.c: In function ‘main’:
user/tester.c:24: error: implicit declaration of function ‘shmem_access’
user/tester.c:24: error: assignment makes pointer from integer without a cast
user/tester.c:29: error: assignment makes pointer from integer without a cast
user/tester.c:34: error: assignment makes pointer from integer without a cast
user/tester.c:39: error: assignment makes pointer from integer without a cast
make: *** [user/tester.o] Error 1


test shmem_access_invalid_input FAILED (0 of 10)
 (shmem_access invalid input test)
 make failed (error 2)

Skipped 18 tests.
To keep testing after failing a test, use flag '-c' or '--continue'
